Performing C SOURCE FILE Test CMAKE_HAVE_LIBC_PTHREAD failed with the following output:
Change Dir: /home/wzc/ros-deployment/build/CMakeFiles/CMakeTmp

Run Build Command(s):/bin/make cmTC_806d1/fast && /bin/make -f CMakeFiles/cmTC_806d1.dir/build.make CMakeFiles/cmTC_806d1.dir/build
make[1]: Entering directory '/home/wzc/ros-deployment/build/CMakeFiles/CMakeTmp'
Building C object CMakeFiles/cmTC_806d1.dir/src.c.o
/bin/cc   -DCMAKE_HAVE_LIBC_PTHREAD   -o CMakeFiles/cmTC_806d1.dir/src.c.o   -c /home/wzc/ros-deployment/build/CMakeFiles/CMakeTmp/src.c
Linking C executable cmTC_806d1
/usr/bin/cmake -E cmake_link_script CMakeFiles/cmTC_806d1.dir/link.txt --verbose=1
/bin/cc  -DCMAKE_HAVE_LIBC_PTHREAD    -rdynamic CMakeFiles/cmTC_806d1.dir/src.c.o  -o cmTC_806d1 
/bin/ld: CMakeFiles/cmTC_806d1.dir/src.c.o: in function `main':
src.c:(.text+0x48): undefined reference to `pthread_create'
/bin/ld: src.c:(.text+0x50): undefined reference to `pthread_detach'
/bin/ld: src.c:(.text+0x5c): undefined reference to `pthread_join'
collect2: error: ld returned 1 exit status
make[1]: *** [CMakeFiles/cmTC_806d1.dir/build.make:87: cmTC_806d1] Error 1
make[1]: Leaving directory '/home/wzc/ros-deployment/build/CMakeFiles/CMakeTmp'
make: *** [Makefile:121: cmTC_806d1/fast] Error 2


Source file was:
#include <pthread.h>

void* test_func(void* data)
{
  return data;
}

int main(void)
{
  pthread_t thread;
  pthread_create(&thread, NULL, test_func, NULL);
  pthread_detach(thread);
  pthread_join(thread, NULL);
  pthread_atfork(NULL, NULL, NULL);
  pthread_exit(NULL);

  return 0;
}

Determining if the function pthread_create exists in the pthreads failed with the following output:
Change Dir: /home/wzc/ros-deployment/build/CMakeFiles/CMakeTmp

Run Build Command(s):/bin/make cmTC_17bc8/fast && /bin/make -f CMakeFiles/cmTC_17bc8.dir/build.make CMakeFiles/cmTC_17bc8.dir/build
make[1]: Entering directory '/home/wzc/ros-deployment/build/CMakeFiles/CMakeTmp'
Building C object CMakeFiles/cmTC_17bc8.dir/CheckFunctionExists.c.o
/bin/cc   -DCHECK_FUNCTION_EXISTS=pthread_create   -o CMakeFiles/cmTC_17bc8.dir/CheckFunctionExists.c.o   -c /usr/share/cmake-3.16/Modules/CheckFunctionExists.c
Linking C executable cmTC_17bc8
/usr/bin/cmake -E cmake_link_script CMakeFiles/cmTC_17bc8.dir/link.txt --verbose=1
/bin/cc  -DCHECK_FUNCTION_EXISTS=pthread_create    -rdynamic CMakeFiles/cmTC_17bc8.dir/CheckFunctionExists.c.o  -o cmTC_17bc8  -lpthreads 
/bin/ld: cannot find -lpthreads
collect2: error: ld returned 1 exit status
make[1]: *** [CMakeFiles/cmTC_17bc8.dir/build.make:87: cmTC_17bc8] Error 1
make[1]: Leaving directory '/home/wzc/ros-deployment/build/CMakeFiles/CMakeTmp'
make: *** [Makefile:121: cmTC_17bc8/fast] Error 2



